CRITICAL - 2021-12-01 02:06:54 --> syntax error, unexpected 'New' (T_NEW), expecting identifier (T_STRING)
#0 C:\xampp\htdocs\ci\system\Router\Router.php(176): CodeIgniter\Router\Router->autoRoute('New')
#1 C:\xampp\htdocs\ci\system\CodeIgniter.php(718): CodeIgniter\Router\Router->handle('New')
#2 C:\xampp\htdocs\ci\system\CodeIgniter.php(359): CodeIgniter\CodeIgniter->tryToRouteIt(Object(CodeIgniter\Router\RouteCollection))
#3 C:\xampp\htdocs\ci\system\CodeIgniter.php(318): CodeIgniter\CodeIgniter->handleRequest(NULL, Object(Config\Cache), false)
#4 C:\xampp\htdocs\ci\public\index.php(37): CodeIgniter\CodeIgniter->run()
#5 {main}
CRITICAL - 2021-12-01 02:08:13 --> syntax error, unexpected 'New' (T_NEW), expecting identifier (T_STRING)
#0 C:\xampp\htdocs\ci\system\Router\Router.php(176): CodeIgniter\Router\Router->autoRoute('New')
#1 C:\xampp\htdocs\ci\system\CodeIgniter.php(718): CodeIgniter\Router\Router->handle('New')
#2 C:\xampp\htdocs\ci\system\CodeIgniter.php(359): CodeIgniter\CodeIgniter->tryToRouteIt(Object(CodeIgniter\Router\RouteCollection))
#3 C:\xampp\htdocs\ci\system\CodeIgniter.php(318): CodeIgniter\CodeIgniter->handleRequest(NULL, Object(Config\Cache), false)
#4 C:\xampp\htdocs\ci\public\index.php(37): CodeIgniter\CodeIgniter->run()
#5 {main}
CRITICAL - 2021-12-01 02:08:34 --> syntax error, unexpected 'New' (T_NEW), expecting identifier (T_STRING)
#0 C:\xampp\htdocs\ci\system\Router\Router.php(176): CodeIgniter\Router\Router->autoRoute('New')
#1 C:\xampp\htdocs\ci\system\CodeIgniter.php(718): CodeIgniter\Router\Router->handle('New')
#2 C:\xampp\htdocs\ci\system\CodeIgniter.php(359): CodeIgniter\CodeIgniter->tryToRouteIt(Object(CodeIgniter\Router\RouteCollection))
#3 C:\xampp\htdocs\ci\system\CodeIgniter.php(318): CodeIgniter\CodeIgniter->handleRequest(NULL, Object(Config\Cache), false)
#4 C:\xampp\htdocs\ci\public\index.php(37): CodeIgniter\CodeIgniter->run()
#5 {main}
CRITICAL - 2021-12-01 02:08:35 --> syntax error, unexpected 'New' (T_NEW), expecting identifier (T_STRING)
#0 C:\xampp\htdocs\ci\system\Router\Router.php(176): CodeIgniter\Router\Router->autoRoute('New')
#1 C:\xampp\htdocs\ci\system\CodeIgniter.php(718): CodeIgniter\Router\Router->handle('New')
#2 C:\xampp\htdocs\ci\system\CodeIgniter.php(359): CodeIgniter\CodeIgniter->tryToRouteIt(Object(CodeIgniter\Router\RouteCollection))
#3 C:\xampp\htdocs\ci\system\CodeIgniter.php(318): CodeIgniter\CodeIgniter->handleRequest(NULL, Object(Config\Cache), false)
#4 C:\xampp\htdocs\ci\public\index.php(37): CodeIgniter\CodeIgniter->run()
#5 {main}
CRITICAL - 2021-12-01 02:09:15 --> syntax error, unexpected 'New' (T_NEW), expecting identifier (T_STRING)
#0 C:\xampp\htdocs\ci\system\Router\Router.php(176): CodeIgniter\Router\Router->autoRoute('New')
#1 C:\xampp\htdocs\ci\system\CodeIgniter.php(718): CodeIgniter\Router\Router->handle('New')
#2 C:\xampp\htdocs\ci\system\CodeIgniter.php(359): CodeIgniter\CodeIgniter->tryToRouteIt(Object(CodeIgniter\Router\RouteCollection))
#3 C:\xampp\htdocs\ci\system\CodeIgniter.php(318): CodeIgniter\CodeIgniter->handleRequest(NULL, Object(Config\Cache), false)
#4 C:\xampp\htdocs\ci\public\index.php(37): CodeIgniter\CodeIgniter->run()
#5 {main}
CRITICAL - 2021-12-01 02:09:53 --> syntax error, unexpected 'New' (T_NEW), expecting identifier (T_STRING)
#0 C:\xampp\htdocs\ci\system\Router\Router.php(176): CodeIgniter\Router\Router->autoRoute('New')
#1 C:\xampp\htdocs\ci\system\CodeIgniter.php(718): CodeIgniter\Router\Router->handle('New')
#2 C:\xampp\htdocs\ci\system\CodeIgniter.php(359): CodeIgniter\CodeIgniter->tryToRouteIt(Object(CodeIgniter\Router\RouteCollection))
#3 C:\xampp\htdocs\ci\system\CodeIgniter.php(318): CodeIgniter\CodeIgniter->handleRequest(NULL, Object(Config\Cache), false)
#4 C:\xampp\htdocs\ci\public\index.php(37): CodeIgniter\CodeIgniter->run()
#5 {main}
CRITICAL - 2021-12-01 02:09:54 --> syntax error, unexpected 'New' (T_NEW), expecting identifier (T_STRING)
#0 C:\xampp\htdocs\ci\system\Router\Router.php(176): CodeIgniter\Router\Router->autoRoute('New')
#1 C:\xampp\htdocs\ci\system\CodeIgniter.php(718): CodeIgniter\Router\Router->handle('New')
#2 C:\xampp\htdocs\ci\system\CodeIgniter.php(359): CodeIgniter\CodeIgniter->tryToRouteIt(Object(CodeIgniter\Router\RouteCollection))
#3 C:\xampp\htdocs\ci\system\CodeIgniter.php(318): CodeIgniter\CodeIgniter->handleRequest(NULL, Object(Config\Cache), false)
#4 C:\xampp\htdocs\ci\public\index.php(37): CodeIgniter\CodeIgniter->run()
#5 {main}
CRITICAL - 2021-12-01 02:09:55 --> syntax error, unexpected 'New' (T_NEW), expecting identifier (T_STRING)
#0 C:\xampp\htdocs\ci\system\Router\Router.php(176): CodeIgniter\Router\Router->autoRoute('New')
#1 C:\xampp\htdocs\ci\system\CodeIgniter.php(718): CodeIgniter\Router\Router->handle('New')
#2 C:\xampp\htdocs\ci\system\CodeIgniter.php(359): CodeIgniter\CodeIgniter->tryToRouteIt(Object(CodeIgniter\Router\RouteCollection))
#3 C:\xampp\htdocs\ci\system\CodeIgniter.php(318): CodeIgniter\CodeIgniter->handleRequest(NULL, Object(Config\Cache), false)
#4 C:\xampp\htdocs\ci\public\index.php(37): CodeIgniter\CodeIgniter->run()
#5 {main}
CRITICAL - 2021-12-01 02:12:04 --> Namespace declaration statement has to be the very first statement or after any declare call in the script
#0 [internal function]: CodeIgniter\Debug\Exceptions->shutdownHandler()
#1 {main}
CRITICAL - 2021-12-01 02:12:16 --> Namespace declaration statement has to be the very first statement or after any declare call in the script
#0 [internal function]: CodeIgniter\Debug\Exceptions->shutdownHandler()
#1 {main}
CRITICAL - 2021-12-01 02:12:17 --> Namespace declaration statement has to be the very first statement or after any declare call in the script
#0 [internal function]: CodeIgniter\Debug\Exceptions->shutdownHandler()
#1 {main}
CRITICAL - 2021-12-01 02:12:17 --> Namespace declaration statement has to be the very first statement or after any declare call in the script
#0 [internal function]: CodeIgniter\Debug\Exceptions->shutdownHandler()
#1 {main}
CRITICAL - 2021-12-01 02:12:48 --> Namespace declaration statement has to be the very first statement or after any declare call in the script
#0 [internal function]: CodeIgniter\Debug\Exceptions->shutdownHandler()
#1 {main}
CRITICAL - 2021-12-01 02:12:49 --> Namespace declaration statement has to be the very first statement or after any declare call in the script
#0 [internal function]: CodeIgniter\Debug\Exceptions->shutdownHandler()
#1 {main}
